<?xml version="1.0" encoding="UTF-8"?>
<!-- Generated by org.testng.reporters.JUnitReportReporter -->
<testsuite hostname="DESKTOP-TTTHKM0" failures="0" tests="1" name="tests.LoginTest" time="5.693" errors="0" timestamp="2025-04-05T11:01:11 IST" skipped="0">
  <testcase classname="tests.LoginTest" name="testvalidlogin" time="5.693"/>
  <system-out/>
</testsuite> <!-- tests.LoginTest -->
